2025-09-22 13:57:06 [INFO]  Certificate WebService Deployment Package v1.0.3 gestartet
2025-09-22 13:57:06 [INFO] Server-Typ: ISO
2025-09-22 13:57:06 [INFO] Konfiguration fr ISO Server (itscmgmt03): HTTP=9080, HTTPS=9443
2025-09-22 13:57:06 [INFO]  Prfe Voraussetzungen...
2025-09-22 13:57:13 [WARNING] WARNING: Port 9080 bereits belegt!
2025-09-22 13:57:13 [WARNING] WARNING: Port 9443 bereits belegt!
2025-09-22 13:57:13 [INFO]  Installiere IIS-Features...
2025-09-22 13:58:14 [INFO]  Kopiere WebService-Dateien...
2025-09-22 13:58:14 [INFO] Lsche existierende Installation: C:\inetpub\wwwroot\CertSurveillance
2025-09-22 13:58:14 [INFO] WebService-Dateien nach C:\inetpub\wwwroot\CertSurveillance kopiert
2025-09-22 13:58:14 [INFO]  Konfiguriere IIS-Site...
2025-09-22 13:58:14 [INFO] Existierende Site 'CertSurveillance' entfernt
2025-09-22 13:58:15 [INFO] IIS-Site 'CertSurveillance' auf Port 9080 erstellt
2025-09-22 13:58:15 [INFO]  Konfiguriere HTTPS...
2025-09-22 13:58:16 [INFO] SSL-Zertifikat erstellt: 29CAC87018D4AF984181BB6673675E7A977130E7
2025-09-22 13:58:16 [INFO] HTTPS-Binding auf Port 9443 konfiguriert
2025-09-22 13:58:16 [INFO]  Konfiguriere Firewall-Regeln...
2025-09-22 13:58:17 [INFO] Firewall-Regeln fr Ports 9080 und 9443 erstellt
2025-09-22 13:58:17 [INFO]  Teste Installation...
2025-09-22 13:58:22 [INFO]  HTTP-Test erfolgreich (Status: 200)
2025-09-22 13:58:22 [WARNING] WARNING: HTTPS-Test fehlgeschlagen: The underlying connection was closed: An unexpected error occurred on a send.
2025-09-22 13:58:22 [INFO]  Certificate WebService Deployment erfolgreich abgeschlossen!
2025-09-22 13:58:22 [INFO] 
2025-09-22 13:58:22 [INFO]  INSTALLATION ZUSAMMENFASSUNG:
2025-09-22 13:58:22 [INFO]    Server-Typ: ISO
2025-09-22 13:58:22 [INFO]    HTTP URL:   http://9080
2025-09-22 13:58:22 [INFO]    HTTPS URL:  https://9443
2025-09-22 13:58:22 [INFO]    Site-Pfad:  C:\inetpub\wwwroot\CertSurveillance
2025-09-22 13:58:22 [INFO]    Log-Datei:  .\LOG\Deployment_ISO_2025-09-22_13-57-06.log
2025-09-22 13:58:22 [INFO] 
2025-09-22 13:58:22 [INFO]  NEXT STEPS:
2025-09-22 13:58:22 [INFO]    1. Externe Erreichbarkeit testen
2025-09-22 13:58:22 [INFO]    2. Certificate Surveillance konfigurieren
2025-09-22 13:58:22 [INFO]    3. Produktiven Betrieb starten
