2025-09-22 15:38:33 [INFO]  Certificate WebService Deployment Package v1.0.3 gestartet
2025-09-22 15:38:33 [INFO] Server-Typ: ISO
2025-09-22 15:38:33 [INFO] Konfiguration fr ISO Server (itscmgmt03): HTTP=9080, HTTPS=9443
2025-09-22 15:38:33 [INFO]  Prfe Voraussetzungen...
2025-09-22 15:38:39 [WARNING] WARNING: Port 9080 bereits belegt!
2025-09-22 15:38:39 [WARNING] WARNING: Port 9443 bereits belegt!
2025-09-22 15:38:39 [INFO]  Installiere IIS-Features...
2025-09-22 15:39:13 [INFO]  Kopiere WebService-Dateien...
2025-09-22 15:39:13 [INFO] Lsche existierende Installation: C:\inetpub\wwwroot\CertSurveillance
2025-09-22 15:39:13 [INFO] WebService-Dateien nach C:\inetpub\wwwroot\CertSurveillance kopiert
2025-09-22 15:39:13 [INFO]  Konfiguriere IIS-Site...
2025-09-22 15:39:14 [INFO] Existierende Site 'CertSurveillance' entfernt
2025-09-22 15:39:14 [INFO] IIS-Site 'CertSurveillance' auf Port 9080 erstellt
2025-09-22 15:39:14 [INFO]  Konfiguriere HTTPS...
2025-09-22 15:39:15 [INFO] SSL-Zertifikat erstellt: DCBEA6F91E0E95468071B0852AA7B19533DF57EB
2025-09-22 15:39:15 [INFO] HTTPS-Binding auf Port 9443 konfiguriert
2025-09-22 15:39:16 [INFO]  Konfiguriere Firewall-Regeln...
2025-09-22 15:39:18 [INFO] Firewall-Regeln fr Ports 9080 und 9443 erstellt
2025-09-22 15:39:18 [INFO]  Teste Installation...
2025-09-22 15:39:23 [INFO]  HTTP-Test erfolgreich (Status: 200)
2025-09-22 15:39:23 [WARNING] WARNING: HTTPS-Test fehlgeschlagen: The underlying connection was closed: An unexpected error occurred on a send.
2025-09-22 15:39:23 [INFO]  Certificate WebService Deployment erfolgreich abgeschlossen!
2025-09-22 15:39:23 [INFO] 
2025-09-22 15:39:23 [INFO]  INSTALLATION ZUSAMMENFASSUNG:
2025-09-22 15:39:23 [INFO]    Server-Typ: ISO
2025-09-22 15:39:23 [INFO]    HTTPS URL:  https://9443
2025-09-22 15:39:23 [INFO]    Site-Pfad:  C:\inetpub\wwwroot\CertSurveillance
2025-09-22 15:39:23 [INFO]    HTTP URL:   http://9080
2025-09-22 15:39:23 [INFO]    Log-Datei:  .\LOG\Deployment_ISO_2025-09-22_15-38-33.log
2025-09-22 15:39:23 [INFO] 
2025-09-22 15:39:23 [INFO]  NEXT STEPS:
2025-09-22 15:39:23 [INFO]    1. Externe Erreichbarkeit testen
2025-09-22 15:39:23 [INFO]    2. Certificate Surveillance konfigurieren
2025-09-22 15:39:23 [INFO]    3. Produktiven Betrieb starten
